Build started 2013-12-06 7:30:32 PM.
     1>Project "C:\Users\Kyle\documents\visual studio 2013\Projects\Final_Project_Algo\Final_Project_Algo\Final_Project_Algo.vcxproj" on node 2 (Build target(s)).
     1>ClCompile:
         C:\Program Files (x86)\Microsoft Visual Studio 12.0\VC\bin\CL.exe /c /ZI /nologo /W3 /WX- /sdl /Od /Oy- /D WIN32 /D _DEBUG /D _CONSOLE /D _LIB /D _UNICODE /D UNICODE /Gm /EHsc /RTC1 /MDd /GS /fp:precise /Zc:wchar_t /Zc:forScope /Fo"Debug\\" /Fd"Debug\vc120.pdb" /Gd /TP /analyze- /errorReport:prompt Source.cpp
         Source.cpp
     1>c:\users\kyle\documents\visual studio 2013\projects\final_project_algo\final_project_algo\source.cpp(117): warning C4018: '<' : signed/unsigned mismatch
     1>c:\users\kyle\documents\visual studio 2013\projects\final_project_algo\final_project_algo\source.cpp(169): warning C4018: '<' : signed/unsigned mismatch
     1>c:\users\kyle\documents\visual studio 2013\projects\final_project_algo\final_project_algo\source.cpp(181): warning C4018: '<' : signed/unsigned mismatch
     1>c:\users\kyle\documents\visual studio 2013\projects\final_project_algo\final_project_algo\source.cpp(198): warning C4018: '<' : signed/unsigned mismatch
     1>c:\users\kyle\documents\visual studio 2013\projects\final_project_algo\final_project_algo\source.cpp(199): warning C4018: '<' : signed/unsigned mismatch
     1>c:\users\kyle\documents\visual studio 2013\projects\final_project_algo\final_project_algo\source.cpp(205): warning C4018: '<' : signed/unsigned mismatch
     1>c:\users\kyle\documents\visual studio 2013\projects\final_project_algo\final_project_algo\source.cpp(239): warning C4018: '<' : signed/unsigned mismatch
     1>c:\users\kyle\documents\visual studio 2013\projects\final_project_algo\final_project_algo\source.cpp(242): warning C4018: '<' : signed/unsigned mismatch
     1>c:\users\kyle\documents\visual studio 2013\projects\final_project_algo\final_project_algo\source.cpp(247): warning C4018: '<' : signed/unsigned mismatch
     1>c:\users\kyle\documents\visual studio 2013\projects\final_project_algo\final_project_algo\source.cpp(248): warning C4018: '<' : signed/unsigned mismatch
     1>c:\users\kyle\documents\visual studio 2013\projects\final_project_algo\final_project_algo\source.cpp(267): warning C4018: '<' : signed/unsigned mismatch
     1>c:\users\kyle\documents\visual studio 2013\projects\final_project_algo\final_project_algo\source.cpp(323): warning C4018: '<' : signed/unsigned mismatch
     1>c:\users\kyle\documents\visual studio 2013\projects\final_project_algo\final_project_algo\source.cpp(324): warning C4018: '<' : signed/unsigned mismatch
     1>c:\users\kyle\documents\visual studio 2013\projects\final_project_algo\final_project_algo\source.cpp(341): warning C4018: '<' : signed/unsigned mismatch
     1>c:\users\kyle\documents\visual studio 2013\projects\final_project_algo\final_project_algo\source.cpp(342): warning C4018: '<' : signed/unsigned mismatch
     1>c:\users\kyle\documents\visual studio 2013\projects\final_project_algo\final_project_algo\source.cpp(358): warning C4018: '<' : signed/unsigned mismatch
     1>c:\users\kyle\documents\visual studio 2013\projects\final_project_algo\final_project_algo\source.cpp(310): warning C4101: 'BOOLswapped' : unreferenced local variable
     1>c:\users\kyle\documents\visual studio 2013\projects\final_project_algo\final_project_algo\source.cpp(396): warning C4018: '<' : signed/unsigned mismatch
     1>c:\users\kyle\documents\visual studio 2013\projects\final_project_algo\final_project_algo\source.cpp(413): warning C4018: '<' : signed/unsigned mismatch
     1>c:\users\kyle\documents\visual studio 2013\projects\final_project_algo\final_project_algo\source.cpp(419): warning C4018: '<' : signed/unsigned mismatch
     1>c:\users\kyle\documents\visual studio 2013\projects\final_project_algo\final_project_algo\source.cpp(425): warning C4018: '<' : signed/unsigned mismatch
     1>c:\users\kyle\documents\visual studio 2013\projects\final_project_algo\final_project_algo\source.cpp(447): warning C4018: '<' : signed/unsigned mismatch
     1>c:\users\kyle\documents\visual studio 2013\projects\final_project_algo\final_project_algo\source.cpp(455): warning C4018: '<' : signed/unsigned mismatch
     1>c:\users\kyle\documents\visual studio 2013\projects\final_project_algo\final_project_algo\source.cpp(475): warning C4018: '<' : signed/unsigned mismatch
     1>c:\users\kyle\documents\visual studio 2013\projects\final_project_algo\final_project_algo\source.cpp(151): warning C4715: 'readFile' : not all control paths return a value
     1>c:\users\kyle\documents\visual studio 2013\projects\final_project_algo\final_project_algo\source.cpp(486): warning C4715: 'addNode' : not all control paths return a value
       Link:
         C:\Program Files (x86)\Microsoft Visual Studio 12.0\VC\bin\link.exe /ERRORREPORT:PROMPT /OUT:"C:\Users\Kyle\documents\visual studio 2013\Projects\Final_Project_Algo\Debug\Final_Project_Algo.exe" /INCREMENTAL /NOLOGO kernel32.lib user32.lib gdi32.lib winspool.lib comdlg32.lib advapi32.lib shell32.lib ole32.lib oleaut32.lib uuid.lib odbc32.lib odbccp32.lib /MANIFEST /MANIFESTUAC:"level='asInvoker' uiAccess='false'" /manifest:embed /DEBUG /PDB:"C:\Users\Kyle\documents\visual studio 2013\Projects\Final_Project_Algo\Debug\Final_Project_Algo.pdb" /SUBSYSTEM:CONSOLE /TLBID:1 /DYNAMICBASE /NXCOMPAT /IMPLIB:"C:\Users\Kyle\documents\visual studio 2013\Projects\Final_Project_Algo\Debug\Final_Project_Algo.lib" /MACHINE:X86 Debug\Source.obj
         Final_Project_Algo.vcxproj -> C:\Users\Kyle\documents\visual studio 2013\Projects\Final_Project_Algo\Debug\Final_Project_Algo.exe
     1>Done Building Project "C:\Users\Kyle\documents\visual studio 2013\Projects\Final_Project_Algo\Final_Project_Algo\Final_Project_Algo.vcxproj" (Build target(s)).

Build succeeded.

Time Elapsed 00:00:00.96
