c:\users\100484450\documents\visual studio 2010\projects\linkedlist\linkedlist\debug\sslist.obj
c:\users\100484450\documents\visual studio 2010\projects\linkedlist\linkedlist\debug\test.obj
c:\users\100484450\documents\visual studio 2010\projects\linkedlist\linkedlist\debug\vc100.pdb
c:\users\kyle\desktop\linkedlist\linkedlist\debug\vc120.pdb
c:\users\kyle\desktop\linkedlist\linkedlist\debug\vc120.idb
c:\users\kyle\desktop\linkedlist\linkedlist\debug\sslist.obj
c:\users\kyle\desktop\linkedlist\linkedlist\debug\test.obj
c:\users\kyle\desktop\linkedlist\linkedlist\debug\cl.command.1.tlog
c:\users\kyle\desktop\linkedlist\linkedlist\debug\cl.read.1.tlog
c:\users\kyle\desktop\linkedlist\linkedlist\debug\cl.write.1.tlog
c:\users\kyle\desktop\linkedlist\linkedlist\debug\link.command.1.tlog
c:\users\kyle\desktop\linkedlist\linkedlist\debug\link.read.1.tlog
c:\users\kyle\desktop\linkedlist\linkedlist\debug\link.write.1.tlog
c:\users\kyle\desktop\linkedlist\linkedlist\debug\vc100.idb
c:\users\kyle\desktop\linkedlist\linkedlist\debug\vc100.pdb
c:\users\kyle\desktop\linkedlist\debug\linkedlist.pdb
c:\users\kyle\desktop\linkedlist\linkedlist\debug\linkedlist.tlog\cl.command.1.tlog
c:\users\kyle\desktop\linkedlist\linkedlist\debug\linkedlist.tlog\cl.read.1.tlog
c:\users\kyle\desktop\linkedlist\linkedlist\debug\linkedlist.tlog\cl.write.1.tlog
c:\users\kyle\desktop\linkedlist\linkedlist\debug\linkedlist.tlog\link-cvtres.read.1.tlog
c:\users\kyle\desktop\linkedlist\linkedlist\debug\linkedlist.tlog\link-cvtres.write.1.tlog
c:\users\kyle\desktop\linkedlist\linkedlist\debug\linkedlist.tlog\link-rc.read.1.tlog
c:\users\kyle\desktop\linkedlist\linkedlist\debug\linkedlist.tlog\link-rc.write.1.tlog
c:\users\kyle\desktop\linkedlist\linkedlist\debug\linkedlist.tlog\link.command.1.tlog
c:\users\kyle\desktop\linkedlist\linkedlist\debug\linkedlist.tlog\link.read.1.tlog
c:\users\kyle\desktop\linkedlist\linkedlist\debug\linkedlist.tlog\link.write.1.tlog
