Build started 14/03/2013 3:08:20 PM.
     1>Project "c:\Users\100483306\Google Drive\UOIT\Object-Oriented Programming INFR2140\Visual Studio\Tutorial_8\Tutorial_8\Tutorial_8.vcxproj" on node 2 (build target(s)).
     1>InitializeBuildStatus:
         Creating "Debug\Tutorial_7.unsuccessfulbuild" because "AlwaysCreate" was specified.
       ClCompile:
         C:\Program Files (x86)\Microsoft Visual Studio 10.0\VC\bin\CL.exe /c /ZI /nologo /W3 /WX- /Od /Oy- /D WIN32 /D _DEBUG /D _CONSOLE /D _UNICODE /D UNICODE /Gm /EHsc /RTC1 /MDd /GS /fp:precise /Zc:wchar_t /Zc:forScope /Fo"Debug\\" /Fd"Debug\vc100.pdb" /Gd /TP /analyze- /errorReport:prompt Tutorial_7.cpp
         Tutorial_7.cpp
     1>c:\users\100483306\google drive\uoit\object-oriented programming infr2140\visual studio\tutorial_8\tutorial_8\tutorial_7.cpp(1): warning C4067: unexpected tokens following preprocessor directive - expected a newline
     1>c:\users\100483306\google drive\uoit\object-oriented programming infr2140\visual studio\tutorial_8\tutorial_8\tutorial_7.cpp(2): warning C4067: unexpected tokens following preprocessor directive - expected a newline
     1>c:\users\100483306\google drive\uoit\object-oriented programming infr2140\visual studio\tutorial_8\tutorial_8\tutorial_7.cpp(4): warning C4067: unexpected tokens following preprocessor directive - expected a newline
     1>c:\users\100483306\google drive\uoit\object-oriented programming infr2140\visual studio\tutorial_8\tutorial_8\tutorial_7.cpp(5): warning C4067: unexpected tokens following preprocessor directive - expected a newline
       ManifestResourceCompile:
         All outputs are up-to-date.
       Link:
         C:\Program Files (x86)\Microsoft Visual Studio 10.0\VC\bin\link.exe /ERRORREPORT:PROMPT /OUT:"c:\users\100483306\Google Drive\UOIT\Object-Oriented Programming INFR2140\Visual Studio\Tutorial_8\Debug\Tutorial_7.exe" /INCREMENTAL /NOLOGO kernel32.lib user32.lib gdi32.lib winspool.lib comdlg32.lib advapi32.lib shell32.lib ole32.lib oleaut32.lib uuid.lib odbc32.lib odbccp32.lib /MANIFEST /ManifestFile:"Debug\Tutorial_7.exe.intermediate.manifest" /MANIFESTUAC:"level='asInvoker' uiAccess='false'" /DEBUG /PDB:"c:\users\100483306\Google Drive\UOIT\Object-Oriented Programming INFR2140\Visual Studio\Tutorial_8\Debug\Tutorial_7.pdb" /SUBSYSTEM:CONSOLE /TLBID:1 /DYNAMICBASE /NXCOMPAT /IMPLIB:"c:\users\100483306\Google Drive\UOIT\Object-Oriented Programming INFR2140\Visual Studio\Tutorial_8\Debug\Tutorial_7.lib" /MACHINE:X86 Debug\Tutorial_7.exe.embed.manifest.res
         Debug\Calc.obj
         Debug\Tutorial_7.obj
       Manifest:
         C:\Program Files (x86)\Microsoft SDKs\Windows\v7.0A\bin\mt.exe /nologo /verbose /out:"Debug\Tutorial_7.exe.embed.manifest" /manifest Debug\Tutorial_7.exe.intermediate.manifest
         All outputs are up-to-date.
       LinkEmbedManifest:
         All outputs are up-to-date.
         Tutorial_8.vcxproj -> c:\users\100483306\Google Drive\UOIT\Object-Oriented Programming INFR2140\Visual Studio\Tutorial_8\Debug\Tutorial_7.exe
       FinalizeBuildStatus:
         Deleting file "Debug\Tutorial_7.unsuccessfulbuild".
         Touching "Debug\Tutorial_7.lastbuildstate".
     1>Done Building Project "c:\Users\100483306\Google Drive\UOIT\Object-Oriented Programming INFR2140\Visual Studio\Tutorial_8\Tutorial_8\Tutorial_8.vcxproj" (build target(s)).

Build succeeded.

Time Elapsed 00:00:01.19
