Build started 05/03/2013 1:51:05 PM.
     1>Project "c:\Users\100483306\Google Drive\UOIT\Object-Oriented Programming INFR2140\Visual Studio\Assigment_Sunny\Assigment_Sunny\Assigment_Sunny.vcxproj" on node 2 (build target(s)).
     1>InitializeBuildStatus:
         Creating "Debug\Assigment_Sunny.unsuccessfulbuild" because "AlwaysCreate" was specified.
       ClCompile:
         C:\Program Files (x86)\Microsoft Visual Studio 10.0\VC\bin\CL.exe /c /ZI /nologo /W3 /WX- /Od /Oy- /D WIN32 /D _DEBUG /D _CONSOLE /D _UNICODE /D UNICODE /Gm /EHsc /RTC1 /MDd /GS /fp:precise /Zc:wchar_t /Zc:forScope /Fo"Debug\\" /Fd"Debug\vc100.pdb" /Gd /TP /analyze- /errorReport:prompt Assignment_Sunny.cpp
         Assignment_Sunny.cpp
     1>c:\users\100483306\google drive\uoit\object-oriented programming infr2140\visual studio\assigment_sunny\assigment_sunny\assignment_sunny.cpp(1): warning C4067: unexpected tokens following preprocessor directive - expected a newline
     1>c:\users\100483306\google drive\uoit\object-oriented programming infr2140\visual studio\assigment_sunny\assigment_sunny\assignment_sunny.cpp(2): warning C4067: unexpected tokens following preprocessor directive - expected a newline
       ManifestResourceCompile:
         All outputs are up-to-date.
       Link:
         C:\Program Files (x86)\Microsoft Visual Studio 10.0\VC\bin\link.exe /ERRORREPORT:PROMPT /OUT:"c:\users\100483306\Google Drive\UOIT\Object-Oriented Programming INFR2140\Visual Studio\Assigment_Sunny\Debug\Assigment_Sunny.exe" /INCREMENTAL /NOLOGO kernel32.lib user32.lib gdi32.lib winspool.lib comdlg32.lib advapi32.lib shell32.lib ole32.lib oleaut32.lib uuid.lib odbc32.lib odbccp32.lib /MANIFEST /ManifestFile:"Debug\Assigment_Sunny.exe.intermediate.manifest" /MANIFESTUAC:"level='asInvoker' uiAccess='false'" /DEBUG /PDB:"c:\users\100483306\Google Drive\UOIT\Object-Oriented Programming INFR2140\Visual Studio\Assigment_Sunny\Debug\Assigment_Sunny.pdb" /SUBSYSTEM:CONSOLE /TLBID:1 /DYNAMICBASE /NXCOMPAT /IMPLIB:"c:\users\100483306\Google Drive\UOIT\Object-Oriented Programming INFR2140\Visual Studio\Assigment_Sunny\Debug\Assigment_Sunny.lib" /MACHINE:X86 Debug\Assigment_Sunny.exe.embed.manifest.res
         Debug\Assignment_Sunny.obj
       Manifest:
         C:\Program Files (x86)\Microsoft SDKs\Windows\v7.0A\bin\mt.exe /nologo /verbose /out:"Debug\Assigment_Sunny.exe.embed.manifest" /manifest Debug\Assigment_Sunny.exe.intermediate.manifest
         All outputs are up-to-date.
       LinkEmbedManifest:
         All outputs are up-to-date.
         Assigment_Sunny.vcxproj -> c:\users\100483306\Google Drive\UOIT\Object-Oriented Programming INFR2140\Visual Studio\Assigment_Sunny\Debug\Assigment_Sunny.exe
       FinalizeBuildStatus:
         Deleting file "Debug\Assigment_Sunny.unsuccessfulbuild".
         Touching "Debug\Assigment_Sunny.lastbuildstate".
     1>Done Building Project "c:\Users\100483306\Google Drive\UOIT\Object-Oriented Programming INFR2140\Visual Studio\Assigment_Sunny\Assigment_Sunny\Assigment_Sunny.vcxproj" (build target(s)).

Build succeeded.

Time Elapsed 00:00:02.19
