Build started 31/01/2013 2:19:24 PM.
     1>Project "C:\Users\100483306\Google Drive\UOIT\Object-Oriented Programming INFR2140\Visual Studio\Tutorial_2_Example_2\Tutorial_2_Example_2\Tutorial_2_Example_2.vcxproj" on node 2 (build target(s)).
     1>PrepareForBuild:
         Creating directory "C:\Users\100483306\Google Drive\UOIT\Object-Oriented Programming INFR2140\Visual Studio\Tutorial_2_Example_2\Debug\".
       InitializeBuildStatus:
         Creating "Debug\Tutorial_2_Example_2.unsuccessfulbuild" because "AlwaysCreate" was specified.
       ClCompile:
         C:\Program Files (x86)\Microsoft Visual Studio 10.0\VC\bin\CL.exe /c /ZI /nologo /W3 /WX- /Od /Oy- /D WIN32 /D _DEBUG /D _CONSOLE /D _UNICODE /D UNICODE /Gm /EHsc /RTC1 /MDd /GS /fp:precise /Zc:wchar_t /Zc:forScope /Fo"Debug\\" /Fd"Debug\vc100.pdb" /Gd /TP /analyze- /errorReport:prompt Tutorial_2_Example_2.cpp
         Tutorial_2_Example_2.cpp
       ManifestResourceCompile:
         C:\Program Files (x86)\Microsoft SDKs\Windows\v7.0A\bin\rc.exe /nologo /fo"Debug\Tutorial_2_Example_2.exe.embed.manifest.res" Debug\Tutorial_2_Example_2_manifest.rc 
       Link:
         C:\Program Files (x86)\Microsoft Visual Studio 10.0\VC\bin\link.exe /ERRORREPORT:PROMPT /OUT:"C:\Users\100483306\Google Drive\UOIT\Object-Oriented Programming INFR2140\Visual Studio\Tutorial_2_Example_2\Debug\Tutorial_2_Example_2.exe" /INCREMENTAL /NOLOGO kernel32.lib user32.lib gdi32.lib winspool.lib comdlg32.lib advapi32.lib shell32.lib ole32.lib oleaut32.lib uuid.lib odbc32.lib odbccp32.lib /MANIFEST /ManifestFile:"Debug\Tutorial_2_Example_2.exe.intermediate.manifest" /MANIFESTUAC:"level='asInvoker' uiAccess='false'" /DEBUG /PDB:"C:\Users\100483306\Google Drive\UOIT\Object-Oriented Programming INFR2140\Visual Studio\Tutorial_2_Example_2\Debug\Tutorial_2_Example_2.pdb" /SUBSYSTEM:CONSOLE /TLBID:1 /DYNAMICBASE /NXCOMPAT /IMPLIB:"C:\Users\100483306\Google Drive\UOIT\Object-Oriented Programming INFR2140\Visual Studio\Tutorial_2_Example_2\Debug\Tutorial_2_Example_2.lib" /MACHINE:X86 Debug\Tutorial_2_Example_2.exe.embed.manifest.res
         Debug\Tutorial_2_Example_2.obj
       Manifest:
         C:\Program Files (x86)\Microsoft SDKs\Windows\v7.0A\bin\mt.exe /nologo /verbose /out:"Debug\Tutorial_2_Example_2.exe.embed.manifest" /manifest Debug\Tutorial_2_Example_2.exe.intermediate.manifest
         C:\Program Files (x86)\Microsoft SDKs\Windows\v7.0A\bin\rc.exe /nologo /fo"Debug\Tutorial_2_Example_2.exe.embed.manifest.res" Debug\Tutorial_2_Example_2_manifest.rc 
       LinkEmbedManifest:
         C:\Program Files (x86)\Microsoft Visual Studio 10.0\VC\bin\link.exe /ERRORREPORT:PROMPT /OUT:"C:\Users\100483306\Google Drive\UOIT\Object-Oriented Programming INFR2140\Visual Studio\Tutorial_2_Example_2\Debug\Tutorial_2_Example_2.exe" /INCREMENTAL /NOLOGO kernel32.lib user32.lib gdi32.lib winspool.lib comdlg32.lib advapi32.lib shell32.lib ole32.lib oleaut32.lib uuid.lib odbc32.lib odbccp32.lib /MANIFEST /ManifestFile:"Debug\Tutorial_2_Example_2.exe.intermediate.manifest" /MANIFESTUAC:"level='asInvoker' uiAccess='false'" /DEBUG /PDB:"C:\Users\100483306\Google Drive\UOIT\Object-Oriented Programming INFR2140\Visual Studio\Tutorial_2_Example_2\Debug\Tutorial_2_Example_2.pdb" /SUBSYSTEM:CONSOLE /TLBID:1 /DYNAMICBASE /NXCOMPAT /IMPLIB:"C:\Users\100483306\Google Drive\UOIT\Object-Oriented Programming INFR2140\Visual Studio\Tutorial_2_Example_2\Debug\Tutorial_2_Example_2.lib" /MACHINE:X86 Debug\Tutorial_2_Example_2.exe.embed.manifest.res
         Debug\Tutorial_2_Example_2.obj
         Tutorial_2_Example_2.vcxproj -> C:\Users\100483306\Google Drive\UOIT\Object-Oriented Programming INFR2140\Visual Studio\Tutorial_2_Example_2\Debug\Tutorial_2_Example_2.exe
       FinalizeBuildStatus:
         Deleting file "Debug\Tutorial_2_Example_2.unsuccessfulbuild".
         Touching "Debug\Tutorial_2_Example_2.lastbuildstate".
     1>Done Building Project "C:\Users\100483306\Google Drive\UOIT\Object-Oriented Programming INFR2140\Visual Studio\Tutorial_2_Example_2\Tutorial_2_Example_2\Tutorial_2_Example_2.vcxproj" (build target(s)).

Build succeeded.

Time Elapsed 00:00:02.82
