Build started 21/03/2013 2:30:29 PM.
     1>Project "c:\Users\100483306\Google Drive\UOIT\Object-Oriented Programming INFR2140\Visual Studio\Tutorial_9\Tutorial_9\Tutorial_9.vcxproj" on node 2 (build target(s)).
     1>InitializeBuildStatus:
         Touching "Debug\Tutorial_9.unsuccessfulbuild".
       ClCompile:
         C:\Program Files (x86)\Microsoft Visual Studio 10.0\VC\bin\CL.exe /c /ZI /nologo /W3 /WX- /Od /Oy- /D WIN32 /D _DEBUG /D _CONSOLE /D _UNICODE /D UNICODE /Gm /EHsc /RTC1 /MDd /GS /fp:precise /Zc:wchar_t /Zc:forScope /Fo"Debug\\" /Fd"Debug\vc100.pdb" /Gd /TP /analyze- /errorReport:prompt Tutorial_9.cpp
         Tutorial_9.cpp
     1>c:\users\100483306\google drive\uoit\object-oriented programming infr2140\visual studio\tutorial_9\tutorial_9\tutorial_9.cpp(1): warning C4067: unexpected tokens following preprocessor directive - expected a newline
       ManifestResourceCompile:
         C:\Program Files (x86)\Microsoft SDKs\Windows\v7.0A\bin\rc.exe /nologo /fo"Debug\Tutorial_9.exe.embed.manifest.res" Debug\Tutorial_9_manifest.rc 
       Link:
         C:\Program Files (x86)\Microsoft Visual Studio 10.0\VC\bin\link.exe /ERRORREPORT:PROMPT /OUT:"c:\users\100483306\Google Drive\UOIT\Object-Oriented Programming INFR2140\Visual Studio\Tutorial_9\Debug\Tutorial_9.exe" /INCREMENTAL /NOLOGO kernel32.lib user32.lib gdi32.lib winspool.lib comdlg32.lib advapi32.lib shell32.lib ole32.lib oleaut32.lib uuid.lib odbc32.lib odbccp32.lib /MANIFEST /ManifestFile:"Debug\Tutorial_9.exe.intermediate.manifest" /MANIFESTUAC:"level='asInvoker' uiAccess='false'" /DEBUG /PDB:"c:\users\100483306\Google Drive\UOIT\Object-Oriented Programming INFR2140\Visual Studio\Tutorial_9\Debug\Tutorial_9.pdb" /SUBSYSTEM:CONSOLE /TLBID:1 /DYNAMICBASE /NXCOMPAT /IMPLIB:"c:\users\100483306\Google Drive\UOIT\Object-Oriented Programming INFR2140\Visual Studio\Tutorial_9\Debug\Tutorial_9.lib" /MACHINE:X86 Debug\Tutorial_9.exe.embed.manifest.res
         Debug\Tutorial_9.obj
       Manifest:
         C:\Program Files (x86)\Microsoft SDKs\Windows\v7.0A\bin\mt.exe /nologo /verbose /out:"Debug\Tutorial_9.exe.embed.manifest" /manifest Debug\Tutorial_9.exe.intermediate.manifest
         C:\Program Files (x86)\Microsoft SDKs\Windows\v7.0A\bin\rc.exe /nologo /fo"Debug\Tutorial_9.exe.embed.manifest.res" Debug\Tutorial_9_manifest.rc 
       LinkEmbedManifest:
         C:\Program Files (x86)\Microsoft Visual Studio 10.0\VC\bin\link.exe /ERRORREPORT:PROMPT /OUT:"c:\users\100483306\Google Drive\UOIT\Object-Oriented Programming INFR2140\Visual Studio\Tutorial_9\Debug\Tutorial_9.exe" /INCREMENTAL /NOLOGO kernel32.lib user32.lib gdi32.lib winspool.lib comdlg32.lib advapi32.lib shell32.lib ole32.lib oleaut32.lib uuid.lib odbc32.lib odbccp32.lib /MANIFEST /ManifestFile:"Debug\Tutorial_9.exe.intermediate.manifest" /MANIFESTUAC:"level='asInvoker' uiAccess='false'" /DEBUG /PDB:"c:\users\100483306\Google Drive\UOIT\Object-Oriented Programming INFR2140\Visual Studio\Tutorial_9\Debug\Tutorial_9.pdb" /SUBSYSTEM:CONSOLE /TLBID:1 /DYNAMICBASE /NXCOMPAT /IMPLIB:"c:\users\100483306\Google Drive\UOIT\Object-Oriented Programming INFR2140\Visual Studio\Tutorial_9\Debug\Tutorial_9.lib" /MACHINE:X86 Debug\Tutorial_9.exe.embed.manifest.res
         Debug\Tutorial_9.obj
         Tutorial_9.vcxproj -> c:\users\100483306\Google Drive\UOIT\Object-Oriented Programming INFR2140\Visual Studio\Tutorial_9\Debug\Tutorial_9.exe
       FinalizeBuildStatus:
         Deleting file "Debug\Tutorial_9.unsuccessfulbuild".
         Touching "Debug\Tutorial_9.lastbuildstate".
     1>Done Building Project "c:\Users\100483306\Google Drive\UOIT\Object-Oriented Programming INFR2140\Visual Studio\Tutorial_9\Tutorial_9\Tutorial_9.vcxproj" (build target(s)).

Build succeeded.

Time Elapsed 00:00:02.86
